<?xml version="1.0" encoding="UTF-8"?>
<!-- Generated by org.testng.reporters.JUnitXMLReporter -->
<testsuite ignored="0" hostname="DESKTOP-ESPANGC" failures="0" tests="4" name="Test" time="23.669" errors="0" timestamp="2025-10-13T11:36:58 IST">
  <testcase classname="TestCases.LoginTest" name="Test" time="0.825"/>
  <testcase classname="TestCases.SearchTest" name="testSearchItem" time="0.567"/>
  <testcase classname="TestCases.AddToCartTest" name="Test" time="1.327"/>
  <testcase classname="TestCases.AddToWishlistTest" name="Test" time="0.1"/>
</testsuite> <!-- Test -->
