<?xml version="1.0" encoding="UTF-8"?>
<testng-results ignored="0" total="4" passed="4" failed="0" skipped="0">
  <reporter-output>
  </reporter-output>
  <suite started-at="2025-10-13T11:36:33 IST" name="Suite" finished-at="2025-10-13T11:36:56 IST" duration-ms="23669">
    <groups>
    </groups>
    <test started-at="2025-10-13T11:36:33 IST" name="Test" finished-at="2025-10-13T11:36:56 IST" duration-ms="23669">
      <class name="TestCases.SearchTest">
        <test-method is-config="true" signature="setup(java.lang.String)[pri:0, instance:TestCases.SearchTest@815b41f]" started-at="2025-10-13T11:36:43 IST" name="setup" finished-at="2025-10-13T11:36:46 IST" duration-ms="3037" status="PASS">
          <params>
            <param index="0">
              <value>
                <![CDATA[chrome]]>
              </value>
            </param>
          </params>
          <reporter-output>
          </reporter-output>
        </test-method> <!-- setup -->
        <test-method signature="testSearchItem()[pri:0, instance:TestCases.SearchTest@815b41f]" started-at="2025-10-13T11:36:46 IST" name="testSearchItem" finished-at="2025-10-13T11:36:47 IST" duration-ms="567" status="PASS">
          <reporter-output>
          </reporter-output>
        </test-method> <!-- testSearchItem -->
        <test-method is-config="true" signature="tearDown()[pri:0, instance:TestCases.SearchTest@815b41f]" started-at="2025-10-13T11:36:47 IST" name="tearDown" finished-at="2025-10-13T11:36:47 IST" duration-ms="164" status="PASS">
          <reporter-output>
          </reporter-output>
        </test-method> <!-- tearDown -->
      </class> <!-- TestCases.SearchTest -->
      <class name="TestCases.LoginTest">
        <test-method is-config="true" signature="setup(java.lang.String)[pri:0, instance:TestCases.LoginTest@3b69e7d1]" started-at="2025-10-13T11:36:33 IST" name="setup" finished-at="2025-10-13T11:36:42 IST" duration-ms="9173" status="PASS">
          <params>
            <param index="0">
              <value>
                <![CDATA[chrome]]>
              </value>
            </param>
          </params>
          <reporter-output>
          </reporter-output>
        </test-method> <!-- setup -->
        <test-method signature="Test()[pri:0, instance:TestCases.LoginTest@3b69e7d1]" started-at="2025-10-13T11:36:42 IST" name="Test" finished-at="2025-10-13T11:36:43 IST" duration-ms="825" status="PASS">
          <reporter-output>
          </reporter-output>
        </test-method> <!-- Test -->
        <test-method is-config="true" signature="tearDown()[pri:0, instance:TestCases.LoginTest@3b69e7d1]" started-at="2025-10-13T11:36:43 IST" name="tearDown" finished-at="2025-10-13T11:36:43 IST" duration-ms="187" status="PASS">
          <reporter-output>
          </reporter-output>
        </test-method> <!-- tearDown -->
      </class> <!-- TestCases.LoginTest -->
      <class name="TestCases.AddToCartTest">
        <test-method is-config="true" signature="setup(java.lang.String)[pri:0, instance:TestCases.AddToCartTest@5542c4ed]" started-at="2025-10-13T11:36:47 IST" name="setup" finished-at="2025-10-13T11:36:51 IST" duration-ms="3979" status="PASS">
          <params>
            <param index="0">
              <value>
                <![CDATA[chrome]]>
              </value>
            </param>
          </params>
          <reporter-output>
          </reporter-output>
        </test-method> <!-- setup -->
        <test-method signature="Test()[pri:0, instance:TestCases.AddToCartTest@5542c4ed]" started-at="2025-10-13T11:36:51 IST" name="Test" finished-at="2025-10-13T11:36:52 IST" duration-ms="1327" status="PASS">
          <reporter-output>
          </reporter-output>
        </test-method> <!-- Test -->
        <test-method is-config="true" signature="tearDown()[pri:0, instance:TestCases.AddToCartTest@5542c4ed]" started-at="2025-10-13T11:36:52 IST" name="tearDown" finished-at="2025-10-13T11:36:52 IST" duration-ms="129" status="PASS">
          <reporter-output>
          </reporter-output>
        </test-method> <!-- tearDown -->
      </class> <!-- TestCases.AddToCartTest -->
      <class name="TestCases.AddToWishlistTest">
        <test-method is-config="true" signature="setup(java.lang.String)[pri:0, instance:TestCases.AddToWishlistTest@6150c3ec]" started-at="2025-10-13T11:36:52 IST" name="setup" finished-at="2025-10-13T11:36:56 IST" duration-ms="3622" status="PASS">
          <params>
            <param index="0">
              <value>
                <![CDATA[chrome]]>
              </value>
            </param>
          </params>
          <reporter-output>
          </reporter-output>
        </test-method> <!-- setup -->
        <test-method signature="Test()[pri:0, instance:TestCases.AddToWishlistTest@6150c3ec]" started-at="2025-10-13T11:36:56 IST" name="Test" finished-at="2025-10-13T11:36:56 IST" duration-ms="100" status="PASS">
          <reporter-output>
          </reporter-output>
        </test-method> <!-- Test -->
        <test-method is-config="true" signature="tearDown()[pri:0, instance:TestCases.AddToWishlistTest@6150c3ec]" started-at="2025-10-13T11:36:56 IST" name="tearDown" finished-at="2025-10-13T11:36:56 IST" duration-ms="153" status="PASS">
          <reporter-output>
          </reporter-output>
        </test-method> <!-- tearDown -->
      </class> <!-- TestCases.AddToWishlistTest -->
    </test> <!-- Test -->
  </suite> <!-- Suite -->
</testng-results>
