<?xml version="1.0" encoding="UTF-8"?>
<testng-results ignored="0" total="1" passed="1" failed="0" skipped="0">
  <reporter-output>
  </reporter-output>
  <suite started-at="2025-10-07T09:56:54 IST" name="Suite" finished-at="2025-10-07T09:56:59 IST" duration-ms="4624">
    <groups>
    </groups>
    <test started-at="2025-10-07T09:56:54 IST" name="Test" finished-at="2025-10-07T09:56:59 IST" duration-ms="4624">
      <class name="TestCases.LoginTest">
        <test-method is-config="true" signature="setup(java.lang.String)[pri:0, instance:TestCases.LoginTest@61322f9d]" started-at="2025-10-07T09:56:55 IST" name="setup" finished-at="2025-10-07T09:56:58 IST" duration-ms="3203" status="PASS">
          <params>
            <param index="0">
              <value>
                <![CDATA[chrome]]>
              </value>
            </param>
          </params>
          <reporter-output>
          </reporter-output>
        </test-method> <!-- setup -->
        <test-method signature="Test()[pri:0, instance:TestCases.LoginTest@61322f9d]" started-at="2025-10-07T09:56:58 IST" name="Test" finished-at="2025-10-07T09:56:59 IST" duration-ms="792" status="PASS">
          <reporter-output>
          </reporter-output>
        </test-method> <!-- Test -->
        <test-method is-config="true" signature="tearDown()[pri:0, instance:TestCases.LoginTest@61322f9d]" started-at="2025-10-07T09:56:59 IST" name="tearDown" finished-at="2025-10-07T09:56:59 IST" duration-ms="238" status="PASS">
          <reporter-output>
          </reporter-output>
        </test-method> <!-- tearDown -->
      </class> <!-- TestCases.LoginTest -->
    </test> <!-- Test -->
  </suite> <!-- Suite -->
</testng-results>
