<?xml version="1.0" encoding="UTF-8"?>
<testng-results ignored="0" total="4" passed="4" failed="0" skipped="0">
  <reporter-output>
  </reporter-output>
  <suite started-at="2025-10-13T11:46:26 IST" name="Suite" finished-at="2025-10-13T11:46:42 IST" duration-ms="15282">
    <groups>
    </groups>
    <test started-at="2025-10-13T11:46:26 IST" name="Test" finished-at="2025-10-13T11:46:42 IST" duration-ms="15282">
      <class name="TestCases.SearchTest">
        <test-method is-config="true" signature="setup(java.lang.String)[pri:0, instance:TestCases.SearchTest@6ad82709]" started-at="2025-10-13T11:46:33 IST" name="setup" finished-at="2025-10-13T11:46:35 IST" duration-ms="2737" status="PASS">
          <params>
            <param index="0">
              <value>
                <![CDATA[chrome]]>
              </value>
            </param>
          </params>
          <reporter-output>
          </reporter-output>
        </test-method> <!-- setup -->
        <test-method signature="testSearchItem()[pri:0, instance:TestCases.SearchTest@6ad82709]" started-at="2025-10-13T11:46:35 IST" name="testSearchItem" finished-at="2025-10-13T11:46:36 IST" duration-ms="609" status="PASS">
          <reporter-output>
          </reporter-output>
        </test-method> <!-- testSearchItem -->
        <test-method is-config="true" signature="tearDown()[pri:0, instance:TestCases.SearchTest@6ad82709]" started-at="2025-10-13T11:46:36 IST" name="tearDown" finished-at="2025-10-13T11:46:36 IST" duration-ms="122" status="PASS">
          <reporter-output>
          </reporter-output>
        </test-method> <!-- tearDown -->
      </class> <!-- TestCases.SearchTest -->
      <class name="TestCases.LoginTest">
        <test-method is-config="true" signature="setup(java.lang.String)[pri:0, instance:TestCases.LoginTest@61322f9d]" started-at="2025-10-13T11:46:27 IST" name="setup" finished-at="2025-10-13T11:46:31 IST" duration-ms="3801" status="PASS">
          <params>
            <param index="0">
              <value>
                <![CDATA[chrome]]>
              </value>
            </param>
          </params>
          <reporter-output>
          </reporter-output>
        </test-method> <!-- setup -->
        <test-method signature="Test()[pri:0, instance:TestCases.LoginTest@61322f9d]" started-at="2025-10-13T11:46:31 IST" name="Test" finished-at="2025-10-13T11:46:32 IST" duration-ms="1821" status="PASS">
          <reporter-output>
          </reporter-output>
        </test-method> <!-- Test -->
        <test-method is-config="true" signature="tearDown()[pri:0, instance:TestCases.LoginTest@61322f9d]" started-at="2025-10-13T11:46:32 IST" name="tearDown" finished-at="2025-10-13T11:46:33 IST" duration-ms="156" status="PASS">
          <reporter-output>
          </reporter-output>
        </test-method> <!-- tearDown -->
      </class> <!-- TestCases.LoginTest -->
      <class name="TestCases.AddToCartTest">
        <test-method is-config="true" signature="setup(java.lang.String)[pri:0, instance:TestCases.AddToCartTest@510f3d34]" started-at="2025-10-13T11:46:36 IST" name="setup" finished-at="2025-10-13T11:46:38 IST" duration-ms="2140" status="PASS">
          <params>
            <param index="0">
              <value>
                <![CDATA[chrome]]>
              </value>
            </param>
          </params>
          <reporter-output>
          </reporter-output>
        </test-method> <!-- setup -->
        <test-method signature="Test()[pri:0, instance:TestCases.AddToCartTest@510f3d34]" started-at="2025-10-13T11:46:38 IST" name="Test" finished-at="2025-10-13T11:46:39 IST" duration-ms="887" status="PASS">
          <reporter-output>
          </reporter-output>
        </test-method> <!-- Test -->
        <test-method is-config="true" signature="tearDown()[pri:0, instance:TestCases.AddToCartTest@510f3d34]" started-at="2025-10-13T11:46:39 IST" name="tearDown" finished-at="2025-10-13T11:46:39 IST" duration-ms="167" status="PASS">
          <reporter-output>
          </reporter-output>
        </test-method> <!-- tearDown -->
      </class> <!-- TestCases.AddToCartTest -->
      <class name="TestCases.AddToWishlistTest">
        <test-method is-config="true" signature="setup(java.lang.String)[pri:0, instance:TestCases.AddToWishlistTest@8297b3a]" started-at="2025-10-13T11:46:39 IST" name="setup" finished-at="2025-10-13T11:46:41 IST" duration-ms="2016" status="PASS">
          <params>
            <param index="0">
              <value>
                <![CDATA[chrome]]>
              </value>
            </param>
          </params>
          <reporter-output>
          </reporter-output>
        </test-method> <!-- setup -->
        <test-method signature="Test()[pri:0, instance:TestCases.AddToWishlistTest@8297b3a]" started-at="2025-10-13T11:46:41 IST" name="Test" finished-at="2025-10-13T11:46:41 IST" duration-ms="150" status="PASS">
          <reporter-output>
          </reporter-output>
        </test-method> <!-- Test -->
        <test-method is-config="true" signature="tearDown()[pri:0, instance:TestCases.AddToWishlistTest@8297b3a]" started-at="2025-10-13T11:46:41 IST" name="tearDown" finished-at="2025-10-13T11:46:42 IST" duration-ms="163" status="PASS">
          <reporter-output>
          </reporter-output>
        </test-method> <!-- tearDown -->
      </class> <!-- TestCases.AddToWishlistTest -->
    </test> <!-- Test -->
  </suite> <!-- Suite -->
</testng-results>
